2025-11-10 16:43:04 [INFO]: Iniciando o monitoramento...
2025-11-10 16:43:04 [INFO]: --- Buscando modelo: asus vivobook 15 ---
2025-11-10 16:43:04 [INFO]: Buscando em [AMAZON] - Página 1...
2025-11-10 16:43:05 [INFO]: Encontrados 5 resultados para asus vivobook 15 em amazon (Pág 1)
2025-11-10 16:43:05 [INFO]: Aguardando 6.80 segundos...
2025-11-10 16:43:12 [INFO]: Buscando em [AMAZON] - Página 2...
2025-11-10 16:43:14 [INFO]: Encontrados 5 resultados para asus vivobook 15 em amazon (Pág 2)
2025-11-10 16:43:14 [INFO]: Aguardando 5.39 segundos...
2025-11-10 16:43:21 [INFO]: Buscando em [MERCADOLIVRE] - Página 1...
2025-11-10 16:43:23 [INFO]: Encontrados 5 resultados para asus vivobook 15 em mercadolivre (Pág 1)
2025-11-10 16:43:23 [INFO]: Aguardando 4.75 segundos...
2025-11-10 16:43:28 [INFO]: Buscando em [MERCADOLIVRE] - Página 2...
2025-11-10 16:43:31 [INFO]: Encontrados 5 resultados para asus vivobook 15 em mercadolivre (Pág 2)
2025-11-10 16:43:31 [INFO]: Aguardando 5.11 segundos...
2025-11-10 16:43:36 [INFO]: --- Buscando modelo: lenovo ideapad 3 ---
2025-11-10 16:43:36 [INFO]: Buscando em [AMAZON] - Página 1...
2025-11-10 16:43:38 [INFO]: Encontrados 5 resultados para lenovo ideapad 3 em amazon (Pág 1)
2025-11-10 16:43:38 [INFO]: Aguardando 3.01 segundos...
2025-11-10 16:43:41 [INFO]: Buscando em [AMAZON] - Página 2...
2025-11-10 16:43:42 [INFO]: Encontrados 5 resultados para lenovo ideapad 3 em amazon (Pág 2)
2025-11-10 16:43:42 [INFO]: Aguardando 6.33 segundos...
2025-11-10 16:43:48 [INFO]: Buscando em [MERCADOLIVRE] - Página 1...
2025-11-10 16:43:53 [INFO]: Encontrados 5 resultados para lenovo ideapad 3 em mercadolivre (Pág 1)
2025-11-10 16:43:53 [INFO]: Aguardando 6.26 segundos...
2025-11-10 16:43:59 [INFO]: Buscando em [MERCADOLIVRE] - Página 2...
2025-11-10 16:44:02 [INFO]: Encontrados 5 resultados para lenovo ideapad 3 em mercadolivre (Pág 2)
2025-11-10 16:44:02 [INFO]: Aguardando 3.40 segundos...
2025-11-10 16:44:05 [INFO]: --- Buscando modelo: acer nitro 5 ---
2025-11-10 16:44:05 [INFO]: Buscando em [AMAZON] - Página 1...
2025-11-10 16:44:07 [INFO]: Encontrados 5 resultados para acer nitro 5 em amazon (Pág 1)
2025-11-10 16:44:07 [INFO]: Aguardando 6.88 segundos...
2025-11-10 16:44:13 [INFO]: Buscando em [AMAZON] - Página 2...
2025-11-10 16:44:15 [INFO]: Encontrados 5 resultados para acer nitro 5 em amazon (Pág 2)
2025-11-10 16:44:15 [INFO]: Aguardando 6.55 segundos...
2025-11-10 16:44:22 [INFO]: Buscando em [MERCADOLIVRE] - Página 1...
2025-11-10 16:44:26 [INFO]: Encontrados 5 resultados para acer nitro 5 em mercadolivre (Pág 1)
2025-11-10 16:44:26 [INFO]: Aguardando 4.57 segundos...
2025-11-10 16:44:30 [INFO]: Buscando em [MERCADOLIVRE] - Página 2...
2025-11-10 16:44:34 [INFO]: Encontrados 5 resultados para acer nitro 5 em mercadolivre (Pág 2)
2025-11-10 16:44:34 [INFO]: Aguardando 4.08 segundos...
2025-11-10 16:44:38 [INFO]: --- Buscando modelo: dell inspiron 15 ---
2025-11-10 16:44:38 [INFO]: Buscando em [AMAZON] - Página 1...
2025-11-10 16:44:39 [INFO]: Encontrados 5 resultados para dell inspiron 15 em amazon (Pág 1)
2025-11-10 16:44:39 [INFO]: Aguardando 4.59 segundos...
2025-11-10 16:44:44 [INFO]: Buscando em [AMAZON] - Página 2...
2025-11-10 16:44:45 [INFO]: Encontrados 5 resultados para dell inspiron 15 em amazon (Pág 2)
2025-11-10 16:44:45 [INFO]: Aguardando 4.00 segundos...
2025-11-10 16:44:49 [INFO]: Buscando em [MERCADOLIVRE] - Página 1...
2025-11-10 16:44:52 [INFO]: Encontrados 5 resultados para dell inspiron 15 em mercadolivre (Pág 1)
2025-11-10 16:44:52 [INFO]: Aguardando 4.64 segundos...
2025-11-10 16:44:57 [INFO]: Buscando em [MERCADOLIVRE] - Página 2...
2025-11-10 16:45:01 [INFO]: Encontrados 5 resultados para dell inspiron 15 em mercadolivre (Pág 2)
2025-11-10 16:45:01 [INFO]: Aguardando 5.89 segundos...
2025-11-10 16:45:07 [INFO]: --- Buscando modelo: macbook ---
2025-11-10 16:45:07 [INFO]: Buscando em [AMAZON] - Página 1...
2025-11-10 16:45:08 [INFO]: Encontrados 5 resultados para macbook em amazon (Pág 1)
2025-11-10 16:45:08 [INFO]: Aguardando 6.40 segundos...
2025-11-10 16:45:14 [INFO]: Buscando em [AMAZON] - Página 2...
2025-11-10 16:45:16 [INFO]: Encontrados 5 resultados para macbook em amazon (Pág 2)
2025-11-10 16:45:16 [INFO]: Aguardando 6.00 segundos...
2025-11-10 16:45:22 [INFO]: Buscando em [MERCADOLIVRE] - Página 1...
2025-11-10 16:45:24 [INFO]: Encontrados 5 resultados para macbook em mercadolivre (Pág 1)
2025-11-10 16:45:24 [INFO]: Aguardando 5.88 segundos...
2025-11-10 16:45:30 [INFO]: Buscando em [MERCADOLIVRE] - Página 2...
2025-11-10 16:45:34 [INFO]: Encontrados 5 resultados para macbook em mercadolivre (Pág 2)
2025-11-10 16:45:34 [INFO]: Aguardando 5.49 segundos...
2025-11-10 16:45:40 [INFO]: Busca concluída. Total de 100 resultados encontrados.
2025-11-10 16:45:40 [INFO]: 100 resultados salvos em resultados.csv
2025-11-10 16:45:40 [INFO]: Processo concluído. Tempo total: 156.10 segundos.
2025-11-16 15:55:48 [INFO]: Banco de dados inicializado: Tabela "produtos" verificada.
2025-11-16 15:55:48 [INFO]: Iniciando o monitoramento...
2025-11-16 15:55:48 [INFO]: --- Buscando modelo: asus vivobook 15 ---
2025-11-16 15:55:48 [INFO]: Buscando em [AMAZON] - Página 1...
2025-11-16 15:55:50 [INFO]: Encontrados 5 itens.
2025-11-16 15:55:55 [INFO]: Buscando em [AMAZON] - Página 2...
2025-11-16 15:55:57 [INFO]: Encontrados 5 itens.
2025-11-16 15:56:04 [INFO]: Buscando em [MERCADOLIVRE] - Página 1...
2025-11-16 15:56:04 [INFO]: Encontrados 0 itens.
2025-11-16 15:56:08 [INFO]: Buscando em [MERCADOLIVRE] - Página 2...
2025-11-16 15:56:08 [INFO]: Encontrados 0 itens.
2025-11-16 15:56:15 [INFO]: --- Buscando modelo: lenovo ideapad 3 ---
2025-11-16 15:56:15 [INFO]: Buscando em [AMAZON] - Página 1...
2025-11-16 15:56:17 [INFO]: Encontrados 5 itens.
2025-11-16 15:56:20 [INFO]: Buscando em [AMAZON] - Página 2...
2025-11-16 15:56:21 [INFO]: Encontrados 5 itens.
2025-11-16 15:56:25 [INFO]: Buscando em [MERCADOLIVRE] - Página 1...
2025-11-16 15:56:26 [INFO]: Encontrados 0 itens.
2025-11-16 15:56:29 [INFO]: Buscando em [MERCADOLIVRE] - Página 2...
2025-11-16 15:56:32 [INFO]: Encontrados 5 itens.
2025-11-16 15:56:39 [INFO]: --- Buscando modelo: acer nitro 5 ---
2025-11-16 15:56:39 [INFO]: Buscando em [AMAZON] - Página 1...
2025-11-16 15:56:41 [INFO]: Encontrados 5 itens.
2025-11-16 15:56:46 [INFO]: Buscando em [AMAZON] - Página 2...
2025-11-16 15:56:47 [INFO]: Encontrados 5 itens.
2025-11-16 15:56:53 [INFO]: Buscando em [MERCADOLIVRE] - Página 1...
2025-11-16 15:56:55 [INFO]: Encontrados 0 itens.
2025-11-16 15:57:00 [INFO]: Buscando em [MERCADOLIVRE] - Página 2...
2025-11-16 15:57:02 [INFO]: Encontrados 0 itens.
2025-11-16 15:57:05 [INFO]: --- Buscando modelo: dell inspiron 15 ---
2025-11-16 15:57:05 [INFO]: Buscando em [AMAZON] - Página 1...
2025-11-16 15:57:06 [INFO]: Encontrados 5 itens.
2025-11-16 15:57:11 [INFO]: Buscando em [AMAZON] - Página 2...
2025-11-16 15:57:12 [INFO]: Encontrados 5 itens.
2025-11-16 15:57:16 [INFO]: Buscando em [MERCADOLIVRE] - Página 1...
2025-11-16 15:57:17 [INFO]: Encontrados 0 itens.
2025-11-16 15:57:20 [INFO]: Buscando em [MERCADOLIVRE] - Página 2...
2025-11-16 15:57:23 [INFO]: Encontrados 5 itens.
2025-11-16 15:57:27 [INFO]: --- Buscando modelo: macbook ---
2025-11-16 15:57:27 [INFO]: Buscando em [AMAZON] - Página 1...
2025-11-16 15:57:29 [INFO]: Encontrados 5 itens.
2025-11-16 15:57:33 [INFO]: Buscando em [AMAZON] - Página 2...
2025-11-16 15:57:35 [INFO]: Encontrados 5 itens.
2025-11-16 15:57:41 [INFO]: Buscando em [MERCADOLIVRE] - Página 1...
2025-11-16 15:57:43 [INFO]: Encontrados 5 itens.
2025-11-16 15:57:48 [INFO]: Buscando em [MERCADOLIVRE] - Página 2...
2025-11-16 15:57:49 [INFO]: Encontrados 5 itens.
2025-11-16 15:57:54 [INFO]: Busca concluída. Total: 70 itens.
2025-11-16 15:57:54 [INFO]: Iniciando inserção no banco de dados...
2025-11-16 15:57:54 [INFO]: Processo de banco finalizado. Inseridos/Atualizados: 70. Falhas: 0.
2025-11-16 15:57:54 [INFO]: Backup CSV atualizado: 70 linhas.
2025-11-16 15:57:54 [INFO]: Processo concluído. Tempo: 126.34s.
